2021-03-10 12:53:16.997  WARN 7260 --- [main] ory$DuplicateJsonObjectContextCustomizer : 

Found multiple occurrences of org.json.JSONObject on the class path:

	jar:file:/C:/Users/adoba/.gradle/caches/modules-2/files-2.1/org.json/json/20090211/c183aa3a2a6250293808bba12262c8920ce5a51c/json-20090211.jar!/org/json/JSONObject.class
	jar:file:/C:/Users/adoba/.gradle/caches/modules-2/files-2.1/com.vaadin.external.google/android-json/0.0.20131108.vaadin1/fa26d351fe62a6a17f5cda1287c1c6110dec413f/android-json-0.0.20131108.vaadin1.jar!/org/json/JSONObject.class

You may wish to exclude one of them to ensure predictable runtime behavior

2021-03-10 12:53:17.025  INFO 7260 --- [main] tourGuide.TestTourGuideController        : Starting TestTourGuideController on DESKTOP-1N3M7NR with PID 7260 (started by adoba in C:\Users\adoba\eclipse-workspace\JavaPathENProject8\TourGuide)
2021-03-10 12:53:17.031  INFO 7260 --- [main] tourGuide.TestTourGuideController        : No active profile set, falling back to default profiles: default
2021-03-10 12:53:22.251  INFO 7260 --- [main] o.s.b.t.m.w.SpringBootMockServletContext : Initializing Spring TestDispatcherServlet ''
2021-03-10 12:53:22.252  INFO 7260 --- [main] o.s.t.web.servlet.TestDispatcherServlet  : Initializing Servlet ''
2021-03-10 12:53:22.287  INFO 7260 --- [main] o.s.t.web.servlet.TestDispatcherServlet  : Completed initialization in 34 ms
2021-03-10 12:53:22.398  INFO 7260 --- [main] tourGuide.TestTourGuideController        : Started TestTourGuideController in 6.163 seconds (JVM running for 34.443)
2021-03-10 12:53:22.434  INFO 7260 --- [main] o.s.b.t.m.w.SpringBootMockServletContext : Initializing Spring TestDispatcherServlet ''
2021-03-10 12:53:22.435  INFO 7260 --- [main] o.s.t.web.servlet.TestDispatcherServlet  : Initializing Servlet ''
2021-03-10 12:53:22.438  INFO 7260 --- [main] o.s.t.web.servlet.TestDispatcherServlet  : Completed initialization in 3 ms
2021-03-10 12:53:22.684  INFO 7260 --- [main] o.s.b.t.m.w.SpringBootMockServletContext : Initializing Spring TestDispatcherServlet ''
2021-03-10 12:53:22.684  INFO 7260 --- [main] o.s.t.web.servlet.TestDispatcherServlet  : Initializing Servlet ''
2021-03-10 12:53:22.687  INFO 7260 --- [main] o.s.t.web.servlet.TestDispatcherServlet  : Completed initialization in 2 ms
2021-03-10 12:53:22.700  INFO 7260 --- [main] o.s.b.t.m.w.SpringBootMockServletContext : Initializing Spring TestDispatcherServlet ''
2021-03-10 12:53:22.701  INFO 7260 --- [main] o.s.t.web.servlet.TestDispatcherServlet  : Initializing Servlet ''
2021-03-10 12:53:22.703  INFO 7260 --- [main] o.s.t.web.servlet.TestDispatcherServlet  : Completed initialization in 2 ms
2021-03-10 12:53:22.743  INFO 7260 --- [main] o.s.b.t.m.w.SpringBootMockServletContext : Initializing Spring TestDispatcherServlet ''
2021-03-10 12:53:22.744  INFO 7260 --- [main] o.s.t.web.servlet.TestDispatcherServlet  : Initializing Servlet ''
2021-03-10 12:53:22.748  INFO 7260 --- [main] o.s.t.web.servlet.TestDispatcherServlet  : Completed initialization in 4 ms
2021-03-10 12:53:22.837  INFO 7260 --- [main] o.s.b.t.m.w.SpringBootMockServletContext : Initializing Spring TestDispatcherServlet ''
2021-03-10 12:53:22.838  INFO 7260 --- [main] o.s.t.web.servlet.TestDispatcherServlet  : Initializing Servlet ''
2021-03-10 12:53:22.842  INFO 7260 --- [main] o.s.t.web.servlet.TestDispatcherServlet  : Completed initialization in 3 ms
2021-03-10 12:53:22.852  INFO 7260 --- [main] tourGuide.service.TourGuideService       : TestMode enabled
2021-03-10 12:53:27.518  INFO 7260 --- [main] tourGuide.service.TourGuideService       : TestMode enabled
